<?xml version="1.0" encoding="UTF-8"?>
<!-- Generated by org.testng.reporters.JUnitReportReporter -->
<testsuite hostname="GAGGU" failures="0" tests="1" name="newp.runner1" time="15.151" errors="0" timestamp="2023-10-05T09:06:01 IST" skipped="0">
  <testcase classname="newp.runner1" name="runer" time="15.151"/>
</testsuite> <!-- newp.runner1 -->
