<?xml version="1.0" encoding="UTF-8"?>
<!-- Generated by org.testng.reporters.JUnitReportReporter -->
<testsuite hostname="GAGGU" failures="0" tests="1" name="runner.zomatorun" time="13.798" errors="0" timestamp="2023-10-10T12:30:45 IST" skipped="0">
  <testcase classname="runner.zomatorun" name="test1" time="13.798"/>
</testsuite> <!-- runner.zomatorun -->
