<?xml version="1.0" encoding="UTF-8"?>
<!-- Generated by org.testng.reporters.JUnitReportReporter -->
<testsuite hostname="GAGGU" failures="0" tests="1" name="newp.reports" time="0.046" errors="0" timestamp="2023-10-17T09:35:59 IST" skipped="0">
  <testcase classname="newp.reports" name="test1" time="0.046"/>
</testsuite> <!-- newp.reports -->
