<?xml version="1.0" encoding="UTF-8"?>
<!-- Generated by org.testng.reporters.JUnitReportReporter -->
<testsuite hostname="GAGGU" failures="0" tests="3" name="newp.demo3" time="0.005" errors="0" timestamp="2023-10-17T10:25:58 IST" skipped="0">
  <testcase classname="newp.demo3" name="test1" time="0.001"/>
  <testcase classname="newp.demo3" name="test3" time="0.002"/>
  <testcase classname="newp.demo3" name="test2" time="0.002"/>
</testsuite> <!-- newp.demo3 -->
