<?xml version="1.0" encoding="UTF-8"?>
<!-- Generated by org.testng.reporters.JUnitReportReporter -->
<testsuite hostname="GAGGU" failures="0" tests="1" name="POM.login_facebook" time="16.371" errors="0" timestamp="2023-10-10T10:56:10 IST" skipped="0">
  <testcase classname="POM.login_facebook" name="test1" time="16.371"/>
</testsuite> <!-- POM.login_facebook -->
