<?xml version="1.0" encoding="UTF-8"?>
<!-- Generated by org.testng.reporters.JUnitReportReporter -->
<testsuite hostname="GAGGU" failures="0" tests="3" name="newp.demo2" time="0.016" errors="0" timestamp="2023-10-17T10:31:11 IST" skipped="0">
  <testcase classname="newp.demo2" name="test3" time="0.002"/>
  <testcase classname="newp.demo2" name="test2" time="0.001"/>
  <testcase classname="newp.demo2" name="test1" time="0.013"/>
</testsuite> <!-- newp.demo2 -->
