<?xml version="1.0" encoding="UTF-8"?>
<!-- Generated by org.testng.reporters.JUnitReportReporter -->
<testsuite hostname="GAGGU" failures="0" tests="1" name="runner.login_facebook" time="17.584" errors="0" timestamp="2023-10-10T11:19:56 IST" skipped="0">
  <testcase classname="runner.login_facebook" name="test1" time="17.584"/>
</testsuite> <!-- runner.login_facebook -->
