<?xml version="1.0" encoding="UTF-8"?>
<!-- Generated by org.testng.reporters.JUnitReportReporter -->
<testsuite hostname="GAGGU" failures="0" tests="2" name="newp.demo" time="0.010" errors="0" timestamp="2023-10-19T09:57:34 IST" skipped="0">
  <testcase classname="newp.demo" name="test2" time="0.009">
    <system-out>
      <![CDATA[world]]>
    </system-out>
  </testcase> <!-- test2 -->
  <testcase classname="newp.demo" name="test1" time="0.001">
    <system-out>
      <![CDATA[hello]]>
    </system-out>
  </testcase> <!-- test1 -->
  <system-out>
    <![CDATA[world
hello]]>
  </system-out>
</testsuite> <!-- newp.demo -->
