<?xml version="1.0" encoding="UTF-8"?>
<!-- Generated by org.testng.reporters.JUnitReportReporter -->
<testsuite hostname="GAGGU" failures="0" tests="1" name="runner.amezonrunner" time="8.792" errors="0" timestamp="2023-10-10T11:34:41 IST" skipped="0">
  <testcase classname="runner.amezonrunner" name="test1" time="8.792"/>
</testsuite> <!-- runner.amezonrunner -->
