<?xml version="1.0" encoding="UTF-8"?>
<!-- Generated by org.testng.reporters.JUnitReportReporter -->
<testsuite hostname="GAGGU" failures="0" tests="1" name="newp.reports1" time="0.030" errors="0" timestamp="2023-10-17T09:45:44 IST" skipped="0">
  <testcase classname="newp.reports1" name="test1" time="0.030"/>
</testsuite> <!-- newp.reports1 -->
